2025-11-30 15:11:55,134 [INFO] ✅ База данных swapi уже существует
2025-11-30 15:11:56,973 [INFO] ✅ Схема raw создана или уже существует
2025-11-30 15:11:56,974 [INFO] ✅ Схема stg создана или уже существует
2025-11-30 15:11:56,976 [INFO] ✅ Схема cdm создана или уже существует
2025-11-30 15:11:59,327 [INFO] 🧹 Таблица swapi.raw.people удалена
2025-11-30 15:11:59,337 [INFO] 🧹 Таблица swapi.raw.planets удалена
2025-11-30 15:11:59,344 [INFO] 🧹 Таблица swapi.raw.films удалена
2025-11-30 15:11:59,352 [INFO] 🧹 Таблица swapi.raw.species удалена
2025-11-30 15:11:59,359 [INFO] 🧹 Таблица swapi.raw.vehicles удалена
2025-11-30 15:11:59,367 [INFO] 🧹 Таблица swapi.raw.starships удалена
2025-11-30 15:11:59,373 [INFO] 🧹 Таблица swapi.stg.people удалена
2025-11-30 15:11:59,379 [INFO] 🧹 Таблица swapi.stg.planets удалена
2025-11-30 15:11:59,383 [INFO] 🧹 Таблица swapi.stg.films удалена
2025-11-30 15:11:59,389 [INFO] 🧹 Таблица swapi.stg.species удалена
2025-11-30 15:11:59,394 [INFO] 🧹 Таблица swapi.stg.vehicles удалена
2025-11-30 15:11:59,398 [INFO] 🧹 Таблица swapi.stg.starships удалена
2025-11-30 15:11:59,400 [INFO] 🧹 Таблица swapi.cdm.people удалена
2025-11-30 15:11:59,401 [INFO] 🧹 Таблица swapi.cdm.planets удалена
2025-11-30 15:11:59,402 [INFO] 🧹 Таблица swapi.cdm.films удалена
2025-11-30 15:11:59,403 [INFO] 🧹 Таблица swapi.cdm.species удалена
2025-11-30 15:11:59,404 [INFO] 🧹 Таблица swapi.cdm.vehicles удалена
2025-11-30 15:11:59,409 [INFO] 🧹 Таблица swapi.cdm.starships удалена
2025-11-30 15:12:01,908 [INFO] 📡 Fetching: https://swapi.dev/api/vehicles/
2025-11-30 15:12:02,012 [INFO] 📡 Fetching: https://swapi.dev/api/starships/
2025-11-30 15:12:02,733 [INFO] 📡 Fetching: https://swapi.dev/api/vehicles/?page=2
2025-11-30 15:12:02,792 [INFO] 📡 Fetching: https://swapi.dev/api/starships/?page=2
2025-11-30 15:12:03,679 [INFO] 📡 Fetching: https://swapi.dev/api/vehicles/?page=3
2025-11-30 15:12:03,759 [INFO] 📡 Fetching: https://swapi.dev/api/starships/?page=3
2025-11-30 15:12:03,909 [INFO] 📡 Fetching: https://swapi.dev/api/people/
2025-11-30 15:12:03,910 [INFO] 📡 Fetching: https://swapi.dev/api/species/
2025-11-30 15:12:03,939 [INFO] 📡 Fetching: https://swapi.dev/api/films/
2025-11-30 15:12:03,975 [INFO] 📡 Fetching: https://swapi.dev/api/planets/
2025-11-30 15:12:04,587 [INFO] 📡 Fetching: https://swapi.dev/api/vehicles/?page=4
2025-11-30 15:12:05,423 [INFO] 📡 Fetching: https://swapi.dev/api/starships/?page=4
2025-11-30 15:12:05,919 [INFO] ✅ vehicles: 39 записей загружено
2025-11-30 15:12:05,941 [INFO] 🛠️ Таблица raw.vehicles создана
2025-11-30 15:12:05,958 [INFO] 🚀 vehicles: импорт завершён (39 записей)
2025-11-30 15:12:06,111 [INFO] ✅ starships: 36 записей загружено
2025-11-30 15:12:06,138 [INFO] 🛠️ Таблица raw.starships создана
2025-11-30 15:12:06,156 [INFO] 📡 Fetching: https://swapi.dev/api/planets/?page=2
2025-11-30 15:12:06,158 [INFO] 🚀 starships: импорт завершён (36 записей)
2025-11-30 15:12:06,178 [INFO] 📡 Fetching: https://swapi.dev/api/species/?page=2
2025-11-30 15:12:06,340 [INFO] 📡 Fetching: https://swapi.dev/api/people/?page=2
2025-11-30 15:12:06,517 [INFO] 📡 Fetching: https://swapi.dev/api/planets/?page=3
2025-11-30 15:12:06,639 [INFO] 📡 Fetching: https://swapi.dev/api/species/?page=3
2025-11-30 15:12:06,868 [INFO] 📡 Fetching: https://swapi.dev/api/planets/?page=4
2025-11-30 15:12:06,879 [INFO] 📡 Fetching: https://swapi.dev/api/people/?page=3
2025-11-30 15:12:06,961 [INFO] 📡 Fetching: https://swapi.dev/api/species/?page=4
2025-11-30 15:12:06,984 [INFO] ✅ films: 6 записей загружено
2025-11-30 15:12:07,003 [INFO] 🛠️ Таблица raw.films создана
2025-11-30 15:12:07,010 [INFO] 🚀 films: импорт завершён (6 записей)
2025-11-30 15:12:07,189 [INFO] 📡 Fetching: https://swapi.dev/api/planets/?page=5
2025-11-30 15:12:07,291 [INFO] 📡 Fetching: https://swapi.dev/api/people/?page=4
2025-11-30 15:12:07,298 [INFO] ✅ species: 37 записей загружено
2025-11-30 15:12:07,318 [INFO] 🛠️ Таблица raw.species создана
2025-11-30 15:12:07,337 [INFO] 🚀 species: импорт завершён (37 записей)
2025-11-30 15:12:07,481 [INFO] 📡 Fetching: https://swapi.dev/api/planets/?page=6
2025-11-30 15:12:07,749 [INFO] 📡 Fetching: https://swapi.dev/api/people/?page=5
2025-11-30 15:12:07,778 [INFO] ✅ planets: 60 записей загружено
2025-11-30 15:12:07,801 [INFO] 🛠️ Таблица raw.planets создана
2025-11-30 15:12:07,825 [INFO] 🚀 planets: импорт завершён (60 записей)
2025-11-30 15:12:08,080 [INFO] 📡 Fetching: https://swapi.dev/api/people/?page=6
2025-11-30 15:12:08,309 [INFO] 📡 Fetching: https://swapi.dev/api/people/?page=7
2025-11-30 15:12:08,541 [INFO] 📡 Fetching: https://swapi.dev/api/people/?page=8
2025-11-30 15:12:08,772 [INFO] 📡 Fetching: https://swapi.dev/api/people/?page=9
2025-11-30 15:12:08,973 [INFO] ✅ people: 82 записей загружено
2025-11-30 15:12:08,991 [INFO] 🛠️ Таблица raw.people создана
2025-11-30 15:12:09,022 [INFO] 🚀 people: импорт завершён (82 записей)
2025-11-30 15:12:12,264 [INFO] ✅ Таблица stg.vehicles создана
2025-11-30 15:12:12,324 [INFO] ✅ Таблица stg.planets создана
2025-11-30 15:12:12,398 [INFO] ✅ Таблица stg.species создана
2025-11-30 15:12:12,420 [INFO] ✅ Таблица stg.films создана
2025-11-30 15:12:12,474 [INFO] ✅ Таблица stg.people создана
2025-11-30 15:12:12,491 [INFO] ✅ Таблица stg.starships создана
2025-11-30 15:12:15,801 [INFO] ✅ Таблица cdm.metric_leaders создана
2025-11-30 15:12:15,821 [INFO] ✅ Таблица cdm.starships создана
2025-11-30 15:15:54,318 [INFO] ✅ База данных swapi уже существует
2025-11-30 15:15:56,814 [INFO] ✅ Схема raw создана или уже существует
2025-11-30 15:15:56,816 [INFO] ✅ Схема stg создана или уже существует
2025-11-30 15:15:56,817 [INFO] ✅ Схема cdm создана или уже существует
2025-11-30 15:15:58,896 [INFO] 🧹 Таблица swapi.raw.people удалена
2025-11-30 15:15:58,904 [INFO] 🧹 Таблица swapi.raw.planets удалена
2025-11-30 15:15:58,912 [INFO] 🧹 Таблица swapi.raw.films удалена
2025-11-30 15:15:58,920 [INFO] 🧹 Таблица swapi.raw.species удалена
2025-11-30 15:15:58,928 [INFO] 🧹 Таблица swapi.raw.vehicles удалена
2025-11-30 15:15:58,935 [INFO] 🧹 Таблица swapi.raw.starships удалена
2025-11-30 15:15:58,940 [INFO] 🧹 Таблица swapi.stg.people удалена
2025-11-30 15:15:58,946 [INFO] 🧹 Таблица swapi.stg.planets удалена
2025-11-30 15:15:58,951 [INFO] 🧹 Таблица swapi.stg.films удалена
2025-11-30 15:15:58,956 [INFO] 🧹 Таблица swapi.stg.species удалена
2025-11-30 15:15:58,961 [INFO] 🧹 Таблица swapi.stg.vehicles удалена
2025-11-30 15:15:58,966 [INFO] 🧹 Таблица swapi.stg.starships удалена
2025-11-30 15:15:58,967 [INFO] 🧹 Таблица swapi.cdm.people удалена
2025-11-30 15:15:58,968 [INFO] 🧹 Таблица swapi.cdm.planets удалена
2025-11-30 15:15:58,969 [INFO] 🧹 Таблица swapi.cdm.films удалена
2025-11-30 15:15:58,970 [INFO] 🧹 Таблица swapi.cdm.species удалена
2025-11-30 15:15:58,971 [INFO] 🧹 Таблица swapi.cdm.vehicles удалена
2025-11-30 15:15:58,975 [INFO] 🧹 Таблица swapi.cdm.starships удалена
2025-11-30 15:16:01,476 [INFO] 📡 Fetching: https://swapi.dev/api/species/
2025-11-30 15:16:01,500 [INFO] 📡 Fetching: https://swapi.dev/api/people/
2025-11-30 15:16:01,566 [INFO] 📡 Fetching: https://swapi.dev/api/planets/
2025-11-30 15:16:01,592 [INFO] 📡 Fetching: https://swapi.dev/api/starships/
2025-11-30 15:16:01,680 [INFO] 📡 Fetching: https://swapi.dev/api/films/
2025-11-30 15:16:01,696 [INFO] 📡 Fetching: https://swapi.dev/api/vehicles/
2025-11-30 15:16:02,011 [INFO] 📡 Fetching: https://swapi.dev/api/species/?page=2
2025-11-30 15:16:02,086 [INFO] 📡 Fetching: https://swapi.dev/api/planets/?page=2
2025-11-30 15:16:02,128 [INFO] 📡 Fetching: https://swapi.dev/api/starships/?page=2
2025-11-30 15:16:02,210 [INFO] 📡 Fetching: https://swapi.dev/api/vehicles/?page=2
2025-11-30 15:16:02,249 [INFO] 📡 Fetching: https://swapi.dev/api/people/?page=2
2025-11-30 15:16:03,021 [INFO] 📡 Fetching: https://swapi.dev/api/planets/?page=3
2025-11-30 15:16:03,570 [INFO] 📡 Fetching: https://swapi.dev/api/starships/?page=3
2025-11-30 15:16:03,589 [INFO] 📡 Fetching: https://swapi.dev/api/vehicles/?page=3
2025-11-30 15:16:03,636 [INFO] 📡 Fetching: https://swapi.dev/api/species/?page=3
2025-11-30 15:16:04,063 [INFO] 📡 Fetching: https://swapi.dev/api/planets/?page=4
2025-11-30 15:16:04,235 [INFO] 📡 Fetching: https://swapi.dev/api/people/?page=3
2025-11-30 15:16:04,277 [INFO] 📡 Fetching: https://swapi.dev/api/vehicles/?page=4
2025-11-30 15:16:04,414 [INFO] 📡 Fetching: https://swapi.dev/api/starships/?page=4
2025-11-30 15:16:04,587 [INFO] 📡 Fetching: https://swapi.dev/api/planets/?page=5
2025-11-30 15:16:04,685 [INFO] 📡 Fetching: https://swapi.dev/api/species/?page=4
2025-11-30 15:16:04,725 [INFO] ✅ vehicles: 39 записей загружено
2025-11-30 15:16:04,749 [INFO] 🛠️ Таблица raw.vehicles создана
2025-11-30 15:16:04,768 [INFO] 🚀 vehicles: импорт завершён (39 записей)
2025-11-30 15:16:04,880 [INFO] ✅ films: 6 записей загружено
2025-11-30 15:16:04,899 [INFO] ✅ starships: 36 записей загружено
2025-11-30 15:16:04,901 [INFO] 🛠️ Таблица raw.films создана
2025-11-30 15:16:04,909 [INFO] 🚀 films: импорт завершён (6 записей)
2025-11-30 15:16:04,923 [INFO] 🛠️ Таблица raw.starships создана
2025-11-30 15:16:04,946 [INFO] 🚀 starships: импорт завершён (36 записей)
2025-11-30 15:16:05,122 [INFO] 📡 Fetching: https://swapi.dev/api/people/?page=4
2025-11-30 15:16:05,127 [INFO] 📡 Fetching: https://swapi.dev/api/planets/?page=6
2025-11-30 15:16:05,177 [INFO] ✅ species: 37 записей загружено
2025-11-30 15:16:05,202 [INFO] 🛠️ Таблица raw.species создана
2025-11-30 15:16:05,228 [INFO] 🚀 species: импорт завершён (37 записей)
2025-11-30 15:16:05,428 [INFO] ✅ planets: 60 записей загружено
2025-11-30 15:16:05,450 [INFO] 🛠️ Таблица raw.planets создана
2025-11-30 15:16:05,476 [INFO] 🚀 planets: импорт завершён (60 записей)
2025-11-30 15:16:05,500 [INFO] 📡 Fetching: https://swapi.dev/api/people/?page=5
2025-11-30 15:16:05,820 [INFO] 📡 Fetching: https://swapi.dev/api/people/?page=6
2025-11-30 15:16:06,451 [INFO] 📡 Fetching: https://swapi.dev/api/people/?page=7
2025-11-30 15:16:06,747 [INFO] 📡 Fetching: https://swapi.dev/api/people/?page=8
2025-11-30 15:16:06,990 [INFO] 📡 Fetching: https://swapi.dev/api/people/?page=9
2025-11-30 15:16:07,187 [INFO] ✅ people: 82 записей загружено
2025-11-30 15:16:07,210 [INFO] 🛠️ Таблица raw.people создана
2025-11-30 15:16:07,248 [INFO] 🚀 people: импорт завершён (82 записей)
2025-11-30 15:16:10,790 [INFO] ✅ Таблица stg.vehicles создана
2025-11-30 15:16:10,944 [INFO] ✅ Таблица stg.species создана
2025-11-30 15:16:10,949 [INFO] ✅ Таблица stg.starships создана
2025-11-30 15:16:11,058 [INFO] ✅ Таблица stg.films создана
2025-11-30 15:16:11,122 [INFO] ✅ Таблица stg.people создана
2025-11-30 15:16:11,199 [INFO] ✅ Таблица stg.planets создана
2025-11-30 15:16:13,431 [INFO] ✅ Таблица cdm.metric_leaders создана
2025-11-30 15:16:13,437 [INFO] ✅ Таблица cdm.starships создана
